[01m[K/home/daryl/ttb_ws/src/autopnp/ipa_room_exploration/ros/src/room_exploration_action_server.cpp:[m[K In member function â€˜[01m[Kvoid RoomExplorationServer::exploreRoom(const RoomExplorationGoalConstPtr&)[m[Kâ€™:
[01m[K/home/daryl/ttb_ws/src/autopnp/ipa_room_exploration/ros/src/room_exploration_action_server.cpp:636:5:[m[K [01;31m[Kerror: [m[Kexpected â€˜[01m[K([m[Kâ€™ before â€˜[01m[Ktrue[m[Kâ€™
  if [01;31m[Ktrue[m[K:
     [01;31m[K^~~~[m[K
make[2]: *** [CMakeFiles/room_exploration_server.dir/ros/src/room_exploration_action_server.cpp.o] Error 1
make[1]: *** [CMakeFiles/room_exploration_server.dir/all] Error 2
make: *** [all] Error 2
