In file included from [01m[K/home/daryl/ttb_ws/src/autopnp/ipa_room_exploration/ros/src/room_exploration_action_server.cpp:61:0[m[K:
[01m[K/home/daryl/ttb_ws/src/autopnp/ipa_room_exploration/ros/include/ipa_room_exploration/room_exploration_action_server.h:102:10:[m[K [01;31m[Kfatal error: [m[Kipa_room_exploration/boustrophedon_variant_explorer_boustrophedon_explorator.h: No such file or directory
 #include [01;31m[K<ipa_room_exploration/boustrophedon_variant_explorer_boustrophedon_explorator.h>[m[K
          [01;31m[K^~~~~~~~~~~~~~~~~~~~~~~~~~~~~~~~~~~~~~~~~~~~~~~~~~~~~~~~~~~~~~~~~~~~~~~~~~~~~~~~[m[K
compilation terminated.
make[2]: *** [CMakeFiles/room_exploration_server.dir/ros/src/room_exploration_action_server.cpp.o] Error 1
make[1]: *** [CMakeFiles/room_exploration_server.dir/all] Error 2
make: *** [all] Error 2
